<?xml version="1.0" encoding="UTF-8"?>
<!-- Generated by org.testng.reporters.JUnitReportReporter -->
<testsuite hostname="LAPTOP-U4TG294C" failures="0" tests="1" name="testscripts.Hotel_Details_Test" time="33.740" errors="0" timestamp="2023-03-23T12:07:18 IST" skipped="0">
  <testcase classname="testscripts.Hotel_Details_Test" name="testexecution" time="33.740"/>
  <system-out>
    <![CDATA[the total no of hotels found are 10
here are the list of hotels found
goStops OOTY
Vista Suites Doddabetta
Green Apple Residence
Hotel Venus
Hotel Carnation
Ganga's Sri Balaji Cottage | Rooms & Caretaker
Divi heritage inn
AURORA LIGHT RESIDENCY
Modern Villa | Rooms & Caretaker
Nahar's Residency Hotel
<br><img src='C:/Users/sarve/eclipse-workspace/Projectibibo/src/test/resources/SavedImages/Delux_room.png' height='500' width='350'/>
<br> Hotel room image]]>
  </system-out>
</testsuite> <!-- testscripts.Hotel_Details_Test -->
